<?xml version="1.0" encoding="UTF-8"?>
<!-- Generated by org.testng.reporters.JUnitXMLReporter -->
<testsuite ignored="0" hostname="DESKTOP-O4GG0I0" failures="0" tests="6" name="Test" time="0.127" errors="0" timestamp="2020-07-10T18:31:41 IST">
  <testcase classname="aliprojects.Mavenjava.appiumTest" name="appiumTest1" time="0.01"/>
  <testcase classname="aliprojects.Mavenjava.appiumTest" name="appiumTest2" time="0.0"/>
  <testcase classname="aliprojects.Mavenjava.restAPITEST" name="restAPITEST1" time="0.001"/>
  <testcase classname="aliprojects.Mavenjava.restAPITEST" name="restAPITEST2" time="0.001"/>
  <testcase classname="aliprojects.Mavenjava.seleniumJava" name="selenium1" time="0.002"/>
  <testcase classname="aliprojects.Mavenjava.seleniumJava" name="selenium2" time="0.0"/>
</testsuite> <!-- Test -->
