<?xml version="1.0" encoding="UTF-8"?>
<testng-results ignored="0" total="6" passed="6" failed="0" skipped="0">
  <reporter-output>
  </reporter-output>
  <suite started-at="2020-07-10T18:31:41 IST" name="Suite" finished-at="2020-07-10T18:31:41 IST" duration-ms="127">
    <groups>
    </groups>
    <test started-at="2020-07-10T18:31:41 IST" name="Test" finished-at="2020-07-10T18:31:41 IST" duration-ms="127">
      <class name="aliprojects.Mavenjava.appiumTest">
        <test-method signature="appiumTest1()[pri:0, instance:aliprojects.Mavenjava.appiumTest@6f3b5d16]" started-at="2020-07-10T18:31:41 IST" name="appiumTest1" finished-at="2020-07-10T18:31:41 IST" duration-ms="10" status="PASS">
          <reporter-output>
          </reporter-output>
        </test-method> <!-- appiumTest1 -->
        <test-method signature="appiumTest2()[pri:0, instance:aliprojects.Mavenjava.appiumTest@6f3b5d16]" started-at="2020-07-10T18:31:41 IST" name="appiumTest2" finished-at="2020-07-10T18:31:41 IST" duration-ms="0" status="PASS">
          <reporter-output>
          </reporter-output>
        </test-method> <!-- appiumTest2 -->
      </class> <!-- aliprojects.Mavenjava.appiumTest -->
      <class name="aliprojects.Mavenjava.restAPITEST">
        <test-method signature="restAPITEST1()[pri:0, instance:aliprojects.Mavenjava.restAPITEST@78b1cc93]" started-at="2020-07-10T18:31:41 IST" name="restAPITEST1" finished-at="2020-07-10T18:31:41 IST" duration-ms="1" status="PASS">
          <reporter-output>
          </reporter-output>
        </test-method> <!-- restAPITEST1 -->
        <test-method signature="restAPITEST2()[pri:0, instance:aliprojects.Mavenjava.restAPITEST@78b1cc93]" started-at="2020-07-10T18:31:41 IST" name="restAPITEST2" finished-at="2020-07-10T18:31:41 IST" duration-ms="1" status="PASS">
          <reporter-output>
          </reporter-output>
        </test-method> <!-- restAPITEST2 -->
      </class> <!-- aliprojects.Mavenjava.restAPITEST -->
      <class name="aliprojects.Mavenjava.seleniumJava">
        <test-method signature="selenium1()[pri:0, instance:aliprojects.Mavenjava.seleniumJava@6646153]" started-at="2020-07-10T18:31:41 IST" name="selenium1" finished-at="2020-07-10T18:31:41 IST" duration-ms="2" status="PASS">
          <reporter-output>
          </reporter-output>
        </test-method> <!-- selenium1 -->
        <test-method signature="selenium2()[pri:0, instance:aliprojects.Mavenjava.seleniumJava@6646153]" started-at="2020-07-10T18:31:41 IST" name="selenium2" finished-at="2020-07-10T18:31:41 IST" duration-ms="0" status="PASS">
          <reporter-output>
          </reporter-output>
        </test-method> <!-- selenium2 -->
      </class> <!-- aliprojects.Mavenjava.seleniumJava -->
    </test> <!-- Test -->
  </suite> <!-- Suite -->
</testng-results>
