<?xml version="1.0" encoding="UTF-8"?>
<testsuite xmlns:xsi="http://www.w3.org/2001/XMLSchema-instance" xsi:noNamespaceSchemaLocation="https://maven.apache.org/surefire/maven-surefire-plugin/xsd/surefire-test-report-3.0.xsd" version="3.0" name="aliprojects.Mavenjava.appiumTest" time="1.746" tests="2" errors="0" skipped="0" failures="0">
  <properties>
[...]
</properties>
  <testcase name="appiumTest1" classname="aliprojects.Mavenjava.appiumTest" time="0.073">
    <system-out><![CDATA[Appium Test part 1
]]></system-out>
  </testcase>
  <testcase name="appiumTest2" classname="aliprojects.Mavenjava.appiumTest" time="0.003">
    <system-out><![CDATA[Appium Test part 2
]]></system-out>
  </testcase>
</testsuite>